1723612547.566572 client started (11265): version 3.2a, socket /tmp/tmux-1000/default, protocol 8
1723612547.566595 on Linux 5.15.153.1-microsoft-standard-WSL2 #1 SMP Fri Mar 29 23:14:13 UTC 2024
1723612547.566599 using libevent 2.1.12-stable (poll); ncurses 6.3
1723612547.566611 flags are 0x18010000
1723612547.566614 socket is /tmp/tmux-1000/default
1723612547.566623 trying connect
1723612547.566687 add peer 0x55ef8332c520: 6 ((nil))
1723612547.567132 sending message 100 to peer 0x55ef8332c520 (4 bytes)
1723612547.567140 sending message 111 to peer 0x55ef8332c520 (8 bytes)
1723612547.567143 sending message 101 to peer 0x55ef8332c520 (15 bytes)
1723612547.567146 sending message 109 to peer 0x55ef8332c520 (4 bytes)
1723612547.567149 sending message 102 to peer 0x55ef8332c520 (11 bytes)
1723612547.567152 sending message 108 to peer 0x55ef8332c520 (26 bytes)
1723612547.567155 sending message 112 to peer 0x55ef8332c520 (58 bytes)
1723612547.567158 sending message 112 to peer 0x55ef8332c520 (5 bytes)
1723612547.567161 sending message 112 to peer 0x55ef8332c520 (5 bytes)
1723612547.567164 sending message 112 to peer 0x55ef8332c520 (6 bytes)
1723612547.567167 sending message 112 to peer 0x55ef8332c520 (6 bytes)
1723612547.567170 sending message 112 to peer 0x55ef8332c520 (11 bytes)
1723612547.567173 sending message 112 to peer 0x55ef8332c520 (10 bytes)
1723612547.567176 sending message 112 to peer 0x55ef8332c520 (13 bytes)
1723612547.567179 sending message 112 to peer 0x55ef8332c520 (14 bytes)
1723612547.567182 sending message 112 to peer 0x55ef8332c520 (19 bytes)
1723612547.567185 sending message 112 to peer 0x55ef8332c520 (11 bytes)
1723612547.567188 sending message 112 to peer 0x55ef8332c520 (10 bytes)
1723612547.567190 sending message 112 to peer 0x55ef8332c520 (15 bytes)
1723612547.567193 sending message 112 to peer 0x55ef8332c520 (21 bytes)
1723612547.567196 sending message 112 to peer 0x55ef8332c520 (13 bytes)
1723612547.567199 sending message 112 to peer 0x55ef8332c520 (7 bytes)
1723612547.567202 sending message 112 to peer 0x55ef8332c520 (13 bytes)
1723612547.567205 sending message 112 to peer 0x55ef8332c520 (7 bytes)
1723612547.567208 sending message 112 to peer 0x55ef8332c520 (13 bytes)
1723612547.567211 sending message 112 to peer 0x55ef8332c520 (9 bytes)
1723612547.567214 sending message 112 to peer 0x55ef8332c520 (21 bytes)
1723612547.567217 sending message 112 to peer 0x55ef8332c520 (13 bytes)
1723612547.567220 sending message 112 to peer 0x55ef8332c520 (9 bytes)
1723612547.567223 sending message 112 to peer 0x55ef8332c520 (16 bytes)
1723612547.567226 sending message 112 to peer 0x55ef8332c520 (13 bytes)
1723612547.567229 sending message 112 to peer 0x55ef8332c520 (9 bytes)
1723612547.567232 sending message 112 to peer 0x55ef8332c520 (9 bytes)
1723612547.567235 sending message 112 to peer 0x55ef8332c520 (12 bytes)
1723612547.567238 sending message 112 to peer 0x55ef8332c520 (8 bytes)
1723612547.567241 sending message 112 to peer 0x55ef8332c520 (8 bytes)
1723612547.567244 sending message 112 to peer 0x55ef8332c520 (13 bytes)
1723612547.567247 sending message 112 to peer 0x55ef8332c520 (7 bytes)
1723612547.567250 sending message 112 to peer 0x55ef8332c520 (7 bytes)
1723612547.567253 sending message 112 to peer 0x55ef8332c520 (9 bytes)
1723612547.567256 sending message 112 to peer 0x55ef8332c520 (9 bytes)
1723612547.567259 sending message 112 to peer 0x55ef8332c520 (15 bytes)
1723612547.567262 sending message 112 to peer 0x55ef8332c520 (13 bytes)
1723612547.567265 sending message 112 to peer 0x55ef8332c520 (12 bytes)
1723612547.567267 sending message 112 to peer 0x55ef8332c520 (8 bytes)
1723612547.567271 sending message 112 to peer 0x55ef8332c520 (14 bytes)
1723612547.567274 sending message 112 to peer 0x55ef8332c520 (11 bytes)
1723612547.567277 sending message 112 to peer 0x55ef8332c520 (9 bytes)
1723612547.567279 sending message 112 to peer 0x55ef8332c520 (10 bytes)
1723612547.567282 sending message 112 to peer 0x55ef8332c520 (10 bytes)
1723612547.567285 sending message 112 to peer 0x55ef8332c520 (10 bytes)
1723612547.567288 sending message 112 to peer 0x55ef8332c520 (10 bytes)
1723612547.567297 sending message 112 to peer 0x55ef8332c520 (11 bytes)
1723612547.567300 sending message 112 to peer 0x55ef8332c520 (12 bytes)
1723612547.567303 sending message 112 to peer 0x55ef8332c520 (12 bytes)
1723612547.567306 sending message 112 to peer 0x55ef8332c520 (12 bytes)
1723612547.567309 sending message 112 to peer 0x55ef8332c520 (12 bytes)
1723612547.567311 sending message 112 to peer 0x55ef8332c520 (12 bytes)
1723612547.567314 sending message 112 to peer 0x55ef8332c520 (11 bytes)
1723612547.567317 sending message 112 to peer 0x55ef8332c520 (11 bytes)
1723612547.567320 sending message 112 to peer 0x55ef8332c520 (12 bytes)
1723612547.567323 sending message 112 to peer 0x55ef8332c520 (12 bytes)
1723612547.567326 sending message 112 to peer 0x55ef8332c520 (12 bytes)
1723612547.567329 sending message 112 to peer 0x55ef8332c520 (12 bytes)
1723612547.567332 sending message 112 to peer 0x55ef8332c520 (12 bytes)
1723612547.567335 sending message 112 to peer 0x55ef8332c520 (9 bytes)
1723612547.567338 sending message 112 to peer 0x55ef8332c520 (12 bytes)
1723612547.567341 sending message 112 to peer 0x55ef8332c520 (13 bytes)
1723612547.567344 sending message 112 to peer 0x55ef8332c520 (13 bytes)
1723612547.567347 sending message 112 to peer 0x55ef8332c520 (13 bytes)
1723612547.567350 sending message 112 to peer 0x55ef8332c520 (13 bytes)
1723612547.567353 sending message 112 to peer 0x55ef8332c520 (13 bytes)
1723612547.567356 sending message 112 to peer 0x55ef8332c520 (8 bytes)
1723612547.567358 sending message 112 to peer 0x55ef8332c520 (11 bytes)
1723612547.567361 sending message 112 to peer 0x55ef8332c520 (11 bytes)
1723612547.567364 sending message 112 to peer 0x55ef8332c520 (11 bytes)
1723612547.567367 sending message 112 to peer 0x55ef8332c520 (12 bytes)
1723612547.567370 sending message 112 to peer 0x55ef8332c520 (12 bytes)
1723612547.567373 sending message 112 to peer 0x55ef8332c520 (12 bytes)
1723612547.567376 sending message 112 to peer 0x55ef8332c520 (12 bytes)
1723612547.567379 sending message 112 to peer 0x55ef8332c520 (13 bytes)
1723612547.567382 sending message 112 to peer 0x55ef8332c520 (13 bytes)
1723612547.567385 sending message 112 to peer 0x55ef8332c520 (13 bytes)
1723612547.567388 sending message 112 to peer 0x55ef8332c520 (8 bytes)
1723612547.567391 sending message 112 to peer 0x55ef8332c520 (13 bytes)
1723612547.567394 sending message 112 to peer 0x55ef8332c520 (13 bytes)
1723612547.567397 sending message 112 to peer 0x55ef8332c520 (13 bytes)
1723612547.567400 sending message 112 to peer 0x55ef8332c520 (13 bytes)
1723612547.567403 sending message 112 to peer 0x55ef8332c520 (13 bytes)
1723612547.567405 sending message 112 to peer 0x55ef8332c520 (12 bytes)
1723612547.567408 sending message 112 to peer 0x55ef8332c520 (12 bytes)
1723612547.567411 sending message 112 to peer 0x55ef8332c520 (12 bytes)
1723612547.567414 sending message 112 to peer 0x55ef8332c520 (12 bytes)
1723612547.567417 sending message 112 to peer 0x55ef8332c520 (13 bytes)
1723612547.567420 sending message 112 to peer 0x55ef8332c520 (8 bytes)
1723612547.567423 sending message 112 to peer 0x55ef8332c520 (13 bytes)
1723612547.567426 sending message 112 to peer 0x55ef8332c520 (13 bytes)
1723612547.567429 sending message 112 to peer 0x55ef8332c520 (13 bytes)
1723612547.567432 sending message 112 to peer 0x55ef8332c520 (13 bytes)
1723612547.567435 sending message 112 to peer 0x55ef8332c520 (13 bytes)
1723612547.567438 sending message 112 to peer 0x55ef8332c520 (13 bytes)
1723612547.567441 sending message 112 to peer 0x55ef8332c520 (13 bytes)
1723612547.567444 sending message 112 to peer 0x55ef8332c520 (12 bytes)
1723612547.567447 sending message 112 to peer 0x55ef8332c520 (12 bytes)
1723612547.567450 sending message 112 to peer 0x55ef8332c520 (12 bytes)
1723612547.567453 sending message 112 to peer 0x55ef8332c520 (8 bytes)
1723612547.567456 sending message 112 to peer 0x55ef8332c520 (12 bytes)
1723612547.567459 sending message 112 to peer 0x55ef8332c520 (13 bytes)
1723612547.567461 sending message 112 to peer 0x55ef8332c520 (13 bytes)
1723612547.567468 sending message 112 to peer 0x55ef8332c520 (13 bytes)
1723612547.567471 sending message 112 to peer 0x55ef8332c520 (13 bytes)
1723612547.567474 sending message 112 to peer 0x55ef8332c520 (13 bytes)
1723612547.567477 sending message 112 to peer 0x55ef8332c520 (13 bytes)
1723612547.567480 sending message 112 to peer 0x55ef8332c520 (13 bytes)
1723612547.567483 sending message 112 to peer 0x55ef8332c520 (13 bytes)
1723612547.567486 sending message 112 to peer 0x55ef8332c520 (12 bytes)
1723612547.567489 sending message 112 to peer 0x55ef8332c520 (10 bytes)
1723612547.567492 sending message 112 to peer 0x55ef8332c520 (12 bytes)
1723612547.567495 sending message 112 to peer 0x55ef8332c520 (12 bytes)
1723612547.567498 sending message 112 to peer 0x55ef8332c520 (12 bytes)
1723612547.567501 sending message 112 to peer 0x55ef8332c520 (13 bytes)
1723612547.567504 sending message 112 to peer 0x55ef8332c520 (13 bytes)
1723612547.567507 sending message 112 to peer 0x55ef8332c520 (13 bytes)
1723612547.567510 sending message 112 to peer 0x55ef8332c520 (13 bytes)
1723612547.567513 sending message 112 to peer 0x55ef8332c520 (13 bytes)
1723612547.567515 sending message 112 to peer 0x55ef8332c520 (13 bytes)
1723612547.567518 sending message 112 to peer 0x55ef8332c520 (13 bytes)
1723612547.567521 sending message 112 to peer 0x55ef8332c520 (10 bytes)
1723612547.567524 sending message 112 to peer 0x55ef8332c520 (13 bytes)
1723612547.567527 sending message 112 to peer 0x55ef8332c520 (12 bytes)
1723612547.567530 sending message 112 to peer 0x55ef8332c520 (12 bytes)
1723612547.567533 sending message 112 to peer 0x55ef8332c520 (12 bytes)
1723612547.567536 sending message 112 to peer 0x55ef8332c520 (10 bytes)
1723612547.567539 sending message 112 to peer 0x55ef8332c520 (10 bytes)
1723612547.567542 sending message 112 to peer 0x55ef8332c520 (10 bytes)
1723612547.567545 sending message 112 to peer 0x55ef8332c520 (12 bytes)
1723612547.567548 sending message 112 to peer 0x55ef8332c520 (13 bytes)
1723612547.567551 sending message 112 to peer 0x55ef8332c520 (13 bytes)
1723612547.567553 sending message 112 to peer 0x55ef8332c520 (13 bytes)
1723612547.567556 sending message 112 to peer 0x55ef8332c520 (13 bytes)
1723612547.567559 sending message 112 to peer 0x55ef8332c520 (13 bytes)
1723612547.567562 sending message 112 to peer 0x55ef8332c520 (10 bytes)
1723612547.567565 sending message 112 to peer 0x55ef8332c520 (11 bytes)
1723612547.567568 sending message 112 to peer 0x55ef8332c520 (12 bytes)
1723612547.567571 sending message 112 to peer 0x55ef8332c520 (12 bytes)
1723612547.567574 sending message 112 to peer 0x55ef8332c520 (12 bytes)
1723612547.567577 sending message 112 to peer 0x55ef8332c520 (12 bytes)
1723612547.567580 sending message 112 to peer 0x55ef8332c520 (12 bytes)
1723612547.567583 sending message 112 to peer 0x55ef8332c520 (11 bytes)
1723612547.567586 sending message 112 to peer 0x55ef8332c520 (12 bytes)
1723612547.567589 sending message 112 to peer 0x55ef8332c520 (12 bytes)
1723612547.567591 sending message 112 to peer 0x55ef8332c520 (13 bytes)
1723612547.567594 sending message 112 to peer 0x55ef8332c520 (13 bytes)
1723612547.567597 sending message 112 to peer 0x55ef8332c520 (13 bytes)
1723612547.567600 sending message 112 to peer 0x55ef8332c520 (13 bytes)
1723612547.567603 sending message 112 to peer 0x55ef8332c520 (13 bytes)
1723612547.567606 sending message 112 to peer 0x55ef8332c520 (10 bytes)
1723612547.567609 sending message 112 to peer 0x55ef8332c520 (9 bytes)
1723612547.567612 sending message 112 to peer 0x55ef8332c520 (12 bytes)
1723612547.567615 sending message 112 to peer 0x55ef8332c520 (13 bytes)
1723612547.567618 sending message 112 to peer 0x55ef8332c520 (13 bytes)
1723612547.567621 sending message 112 to peer 0x55ef8332c520 (13 bytes)
1723612547.567624 sending message 112 to peer 0x55ef8332c520 (13 bytes)
1723612547.567627 sending message 112 to peer 0x55ef8332c520 (13 bytes)
1723612547.567630 sending message 112 to peer 0x55ef8332c520 (9 bytes)
1723612547.567636 sending message 112 to peer 0x55ef8332c520 (12 bytes)
1723612547.567639 sending message 112 to peer 0x55ef8332c520 (13 bytes)
1723612547.567642 sending message 112 to peer 0x55ef8332c520 (13 bytes)
1723612547.567645 sending message 112 to peer 0x55ef8332c520 (13 bytes)
1723612547.567648 sending message 112 to peer 0x55ef8332c520 (13 bytes)
1723612547.567651 sending message 112 to peer 0x55ef8332c520 (13 bytes)
1723612547.567654 sending message 112 to peer 0x55ef8332c520 (11 bytes)
1723612547.567657 sending message 112 to peer 0x55ef8332c520 (12 bytes)
1723612547.567660 sending message 112 to peer 0x55ef8332c520 (13 bytes)
1723612547.567663 sending message 112 to peer 0x55ef8332c520 (13 bytes)
1723612547.567666 sending message 112 to peer 0x55ef8332c520 (13 bytes)
1723612547.567669 sending message 112 to peer 0x55ef8332c520 (13 bytes)
1723612547.567671 sending message 112 to peer 0x55ef8332c520 (13 bytes)
1723612547.567674 sending message 112 to peer 0x55ef8332c520 (11 bytes)
1723612547.567677 sending message 112 to peer 0x55ef8332c520 (12 bytes)
1723612547.567680 sending message 112 to peer 0x55ef8332c520 (12 bytes)
1723612547.567683 sending message 112 to peer 0x55ef8332c520 (12 bytes)
1723612547.567686 sending message 112 to peer 0x55ef8332c520 (12 bytes)
1723612547.567689 sending message 112 to peer 0x55ef8332c520 (12 bytes)
1723612547.567692 sending message 112 to peer 0x55ef8332c520 (21 bytes)
1723612547.567695 sending message 112 to peer 0x55ef8332c520 (12 bytes)
1723612547.567698 sending message 112 to peer 0x55ef8332c520 (9 bytes)
1723612547.567701 sending message 112 to peer 0x55ef8332c520 (6 bytes)
1723612547.567704 sending message 112 to peer 0x55ef8332c520 (13 bytes)
1723612547.567707 sending message 112 to peer 0x55ef8332c520 (10 bytes)
1723612547.567710 sending message 112 to peer 0x55ef8332c520 (24 bytes)
1723612547.567713 sending message 112 to peer 0x55ef8332c520 (13 bytes)
1723612547.567715 sending message 112 to peer 0x55ef8332c520 (9 bytes)
1723612547.567718 sending message 112 to peer 0x55ef8332c520 (70 bytes)
1723612547.567721 sending message 112 to peer 0x55ef8332c520 (69 bytes)
1723612547.567724 sending message 112 to peer 0x55ef8332c520 (12 bytes)
1723612547.567727 sending message 112 to peer 0x55ef8332c520 (10 bytes)
1723612547.567730 sending message 112 to peer 0x55ef8332c520 (10 bytes)
1723612547.567733 sending message 112 to peer 0x55ef8332c520 (24 bytes)
1723612547.567737 sending message 112 to peer 0x55ef8332c520 (13 bytes)
1723612547.567740 sending message 112 to peer 0x55ef8332c520 (10 bytes)
1723612547.567743 sending message 112 to peer 0x55ef8332c520 (10 bytes)
1723612547.567746 sending message 112 to peer 0x55ef8332c520 (10 bytes)
1723612547.567748 sending message 112 to peer 0x55ef8332c520 (13 bytes)
1723612547.567751 sending message 112 to peer 0x55ef8332c520 (15 bytes)
1723612547.567754 sending message 112 to peer 0x55ef8332c520 (5 bytes)
1723612547.567758 sending message 104 to peer 0x55ef8332c520 (0 bytes)
1723612547.567761 sending message 110 to peer 0x55ef8332c520 (0 bytes)
1723612547.567764 sending message 107 to peer 0x55ef8332c520 (4 bytes)
1723612547.567767 sending message 105 to peer 0x55ef8332c520 (16 bytes)
1723612547.567770 sending message 105 to peer 0x55ef8332c520 (61 bytes)
1723612547.567773 sending message 105 to peer 0x55ef8332c520 (24 bytes)
1723612547.567776 sending message 105 to peer 0x55ef8332c520 (29 bytes)
1723612547.567779 sending message 105 to peer 0x55ef8332c520 (48 bytes)
1723612547.567781 sending message 105 to peer 0x55ef8332c520 (43 bytes)
1723612547.567786 sending message 105 to peer 0x55ef8332c520 (21 bytes)
1723612547.567789 sending message 105 to peer 0x55ef8332c520 (30 bytes)
1723612547.567792 sending message 105 to peer 0x55ef8332c520 (15 bytes)
1723612547.567795 sending message 105 to peer 0x55ef8332c520 (18 bytes)
1723612547.567797 sending message 105 to peer 0x55ef8332c520 (13 bytes)
1723612547.567800 sending message 105 to peer 0x55ef8332c520 (34 bytes)
1723612547.567803 sending message 105 to peer 0x55ef8332c520 (1519 bytes)
1723612547.567817 sending message 105 to peer 0x55ef8332c520 (26 bytes)
1723612547.567820 sending message 105 to peer 0x55ef8332c520 (48 bytes)
1723612547.567823 sending message 105 to peer 0x55ef8332c520 (26 bytes)
1723612547.567826 sending message 105 to peer 0x55ef8332c520 (34 bytes)
1723612547.567829 sending message 105 to peer 0x55ef8332c520 (20 bytes)
1723612547.567832 sending message 105 to peer 0x55ef8332c520 (32 bytes)
1723612547.567835 sending message 105 to peer 0x55ef8332c520 (12 bytes)
1723612547.567838 sending message 105 to peer 0x55ef8332c520 (50 bytes)
1723612547.567841 sending message 105 to peer 0x55ef8332c520 (11 bytes)
1723612547.567844 sending message 105 to peer 0x55ef8332c520 (8 bytes)
1723612547.567847 sending message 105 to peer 0x55ef8332c520 (14 bytes)
1723612547.567850 sending message 105 to peer 0x55ef8332c520 (56 bytes)
1723612547.567853 sending message 105 to peer 0x55ef8332c520 (32 bytes)
1723612547.567856 sending message 105 to peer 0x55ef8332c520 (33 bytes)
1723612547.567859 sending message 105 to peer 0x55ef8332c520 (65 bytes)
1723612547.567862 sending message 105 to peer 0x55ef8332c520 (5243 bytes)
1723612547.567867 sending message 105 to peer 0x55ef8332c520 (54 bytes)
1723612547.567870 sending message 105 to peer 0x55ef8332c520 (52 bytes)
1723612547.567873 sending message 105 to peer 0x55ef8332c520 (16 bytes)
1723612547.567876 sending message 105 to peer 0x55ef8332c520 (40 bytes)
1723612547.567879 sending message 105 to peer 0x55ef8332c520 (53 bytes)
1723612547.567882 sending message 105 to peer 0x55ef8332c520 (28 bytes)
1723612547.567885 sending message 105 to peer 0x55ef8332c520 (23 bytes)
1723612547.567888 sending message 105 to peer 0x55ef8332c520 (16 bytes)
1723612547.567891 sending message 106 to peer 0x55ef8332c520 (0 bytes)
1723612547.567896 sending message 200 to peer 0x55ef8332c520 (4 bytes)
1723612547.567898 client loop enter
1723612547.570132 peer 0x55ef8332c520 message 207
1723612547.570141 sending message 208 to peer 0x55ef8332c520 (0 bytes)
1723612554.301542 peer 0x55ef8332c520 message 201
1723612554.301568 sending message 205 to peer 0x55ef8332c520 (0 bytes)
1723612554.301878 peer 0x55ef8332c520 message 204
1723612554.301888 client loop exit
